*** Start analyzing build configuration ***
INFO: Auto-config - Scanning: C:\Users\mrflu\Desktop\CU-SPUR-Drew\Vivado\z2\z2-accelerator\z2-accelerator.srcs
INFO: Auto-config - VLOG: C:\Users\mrflu\Desktop\CU-SPUR-Drew\Vivado\z2\z2-accelerator\z2-accelerator.srcs
INFO: Auto-config - Wrote:
    .dvt\default.build.auto.1
*** List of included argument files ***
    Build configuration file:  C:\Users\mrflu\Desktop\CU-SPUR-Drew\Vivado\z2\z2-accelerator\z2-accelerator.srcs\.dvt\default.build
    -f c:\Users\mrflu\Desktop\CU-SPUR-Drew\Vivado\z2\z2-accelerator\z2-accelerator.srcs\.dvt\default.build.auto.1
*** List of invocations ***
Invocation #1 +dvt_init+dvt in c:\Users\mrflu\Desktop\CU-SPUR-Drew\Vivado\z2\z2-accelerator\z2-accelerator.srcs\.dvt\default.build.auto.1 at line 9
*** Done analyzing build configuration [562 ms] ***

*** Start SystemVerilog build ***
*** Invocation #1***
Loading (1) C:\Users\mrflu\Desktop\CU-SPUR-Drew\Vivado\z2\z2-accelerator\z2-accelerator.srcs\sources_1\new\arbiter.v ...
Done C:\Users\mrflu\Desktop\CU-SPUR-Drew\Vivado\z2\z2-accelerator\z2-accelerator.srcs\sources_1\new\arbiter.v [62 ms, 160 lines, Verilog_2001] ...
Loading (2) C:\Users\mrflu\Desktop\CU-SPUR-Drew\Vivado\z2\z2-accelerator\z2-accelerator.srcs\sources_1\new\axi_crossbar_addr.v ...
Done C:\Users\mrflu\Desktop\CU-SPUR-Drew\Vivado\z2\z2-accelerator\z2-accelerator.srcs\sources_1\new\axi_crossbar_addr.v [62 ms, 419 lines, Verilog_2001] ...
Loading (3) C:\Users\mrflu\Desktop\CU-SPUR-Drew\Vivado\z2\z2-accelerator\z2-accelerator.srcs\sources_1\new\axi_crossbar_rd.v ...
Done C:\Users\mrflu\Desktop\CU-SPUR-Drew\Vivado\z2\z2-accelerator\z2-accelerator.srcs\sources_1\new\axi_crossbar_rd.v [54 ms, 570 lines, Verilog_2001] ...
Loading (4) C:\Users\mrflu\Desktop\CU-SPUR-Drew\Vivado\z2\z2-accelerator\z2-accelerator.srcs\sources_1\new\axi_dma_rd.v ...
Done C:\Users\mrflu\Desktop\CU-SPUR-Drew\Vivado\z2\z2-accelerator\z2-accelerator.srcs\sources_1\new\axi_dma_rd.v [33 ms, 693 lines, Verilog_2001] ...
Loading (5) C:\Users\mrflu\Desktop\CU-SPUR-Drew\Vivado\z2\z2-accelerator\z2-accelerator.srcs\sources_1\new\axi_ram.v ...
Done C:\Users\mrflu\Desktop\CU-SPUR-Drew\Vivado\z2\z2-accelerator\z2-accelerator.srcs\sources_1\new\axi_ram.v [14 ms, 372 lines, Verilog_2001] ...
Loading (6) C:\Users\mrflu\Desktop\CU-SPUR-Drew\Vivado\z2\z2-accelerator\z2-accelerator.srcs\sources_1\new\axi_register_rd.v ...
Done C:\Users\mrflu\Desktop\CU-SPUR-Drew\Vivado\z2\z2-accelerator\z2-accelerator.srcs\sources_1\new\axi_register_rd.v [21 ms, 531 lines, Verilog_2001] ...
Loading (7) C:\Users\mrflu\Desktop\CU-SPUR-Drew\Vivado\z2\z2-accelerator\z2-accelerator.srcs\sources_1\new\axis_async_fifo.v ...
Done C:\Users\mrflu\Desktop\CU-SPUR-Drew\Vivado\z2\z2-accelerator\z2-accelerator.srcs\sources_1\new\axis_async_fifo.v [34 ms, 912 lines, Verilog_2001] ...
Loading (8) C:\Users\mrflu\Desktop\CU-SPUR-Drew\Vivado\z2\z2-accelerator\z2-accelerator.srcs\sources_1\new\axis_fifo.v ...
Done C:\Users\mrflu\Desktop\CU-SPUR-Drew\Vivado\z2\z2-accelerator\z2-accelerator.srcs\sources_1\new\axis_fifo.v [26 ms, 567 lines, Verilog_2001] ...
Loading (9) C:\Users\mrflu\Desktop\CU-SPUR-Drew\Vivado\z2\z2-accelerator\z2-accelerator.srcs\sources_1\new\axis_register.v ...
Done C:\Users\mrflu\Desktop\CU-SPUR-Drew\Vivado\z2\z2-accelerator\z2-accelerator.srcs\sources_1\new\axis_register.v [13 ms, 281 lines, Verilog_2001] ...
Loading (10) C:\Users\mrflu\Desktop\CU-SPUR-Drew\Vivado\z2\z2-accelerator\z2-accelerator.srcs\sources_1\new\dot_product.v ...
Done C:\Users\mrflu\Desktop\CU-SPUR-Drew\Vivado\z2\z2-accelerator\z2-accelerator.srcs\sources_1\new\dot_product.v [4 ms, 144 lines, Verilog_2001] ...
Loading (11) C:\Users\mrflu\Desktop\CU-SPUR-Drew\Vivado\z2\z2-accelerator\z2-accelerator.srcs\sources_1\new\mvm_accelerator.v ...
Done C:\Users\mrflu\Desktop\CU-SPUR-Drew\Vivado\z2\z2-accelerator\z2-accelerator.srcs\sources_1\new\mvm_accelerator.v [12 ms, 208 lines, Verilog_2001] ...
Loading (12) C:\Users\mrflu\Desktop\CU-SPUR-Drew\Vivado\z2\z2-accelerator\z2-accelerator.srcs\sources_1\new\mvm_accelerator_split.v ...
Loading (13) C:\Users\mrflu\Desktop\CU-SPUR-Drew\Vivado\z2\z2-accelerator\z2-accelerator.srcs\sources_1\new\bind_channels.vh ...
Done C:\Users\mrflu\Desktop\CU-SPUR-Drew\Vivado\z2\z2-accelerator\z2-accelerator.srcs\sources_1\new\bind_channels.vh [1 ms, 11 lines, Verilog_2001] ...
Loading (14) C:\Users\mrflu\Desktop\CU-SPUR-Drew\Vivado\z2\z2-accelerator\z2-accelerator.srcs\sources_1\new\split_interconnect_channels.vh ...
Done C:\Users\mrflu\Desktop\CU-SPUR-Drew\Vivado\z2\z2-accelerator\z2-accelerator.srcs\sources_1\new\split_interconnect_channels.vh [0 ms, 34 lines, Verilog_2001] ...
Done C:\Users\mrflu\Desktop\CU-SPUR-Drew\Vivado\z2\z2-accelerator\z2-accelerator.srcs\sources_1\new\mvm_accelerator_split.v [24 ms, 550 lines, Verilog_2001] ...
Loading (15) C:\Users\mrflu\Desktop\CU-SPUR-Drew\Vivado\z2\z2-accelerator\z2-accelerator.srcs\sources_1\new\mvm_channel_split.v ...
Done C:\Users\mrflu\Desktop\CU-SPUR-Drew\Vivado\z2\z2-accelerator\z2-accelerator.srcs\sources_1\new\mvm_channel_split.v [12 ms, 542 lines, Verilog_2001] ...
Loading (16) C:\Users\mrflu\Desktop\CU-SPUR-Drew\Vivado\z2\z2-accelerator\z2-accelerator.srcs\sources_1\new\mvm_compute.v ...
Done C:\Users\mrflu\Desktop\CU-SPUR-Drew\Vivado\z2\z2-accelerator\z2-accelerator.srcs\sources_1\new\mvm_compute.v [5 ms, 142 lines, Verilog_2001] ...
Loading (17) C:\Users\mrflu\Desktop\CU-SPUR-Drew\Vivado\z2\z2-accelerator\z2-accelerator.srcs\sources_1\new\priority_encoder.v ...
Done C:\Users\mrflu\Desktop\CU-SPUR-Drew\Vivado\z2\z2-accelerator\z2-accelerator.srcs\sources_1\new\priority_encoder.v [5 ms, 93 lines, Verilog_2001] ...
Loading (18) C:\Users\mrflu\Desktop\CU-SPUR-Drew\Vivado\z2\z2-accelerator\z2-accelerator.srcs\sim_1\new\tb_mvm_accelerator.sv ...
Loading (19) C:\Users\mrflu\Desktop\CU-SPUR-Drew\Vivado\z2\z2-accelerator\z2-accelerator.srcs\sim_1\new\axi_a_channel_bindings.svh ...
Done C:\Users\mrflu\Desktop\CU-SPUR-Drew\Vivado\z2\z2-accelerator\z2-accelerator.srcs\sim_1\new\axi_a_channel_bindings.svh [0 ms, 89 lines, SystemVerilog_2012] ...
Loading (20) C:\Users\mrflu\Desktop\CU-SPUR-Drew\Vivado\z2\z2-accelerator\z2-accelerator.srcs\sim_1\new\axi_full_write_bindings.svh ...
Done C:\Users\mrflu\Desktop\CU-SPUR-Drew\Vivado\z2\z2-accelerator\z2-accelerator.srcs\sim_1\new\axi_full_write_bindings.svh [0 ms, 20 lines, SystemVerilog_2012] ...
Done C:\Users\mrflu\Desktop\CU-SPUR-Drew\Vivado\z2\z2-accelerator\z2-accelerator.srcs\sim_1\new\tb_mvm_accelerator.sv [18 ms, 340 lines, SystemVerilog_2012] ...
*** Done invocation #1 [406 ms] ***
*** Done parsing [LT 260 ms, PT 406 ms] ***
*** Total number of lines [6 678] ***
Performing post full build actions ...
Performing post full build step 1 (SRI) [2 ms] ...
Performing post full build step 2 (RI) [2 ms] ...
Performing post full build step 3 (RCP) [0 ms] ...
*** Files summary [20 total, 20 unique, 0 optimized] ***
*** Done SystemVerilog build [726 ms] ***

*** Start mixed mode extension build ***
Performing mixed post full build step (VLOG - RI) [3 ms] ...
*** Warning: UNSPECIFIED_TOP: Please specify a -top module/entity/configuration in the project build file
*** Top design candidates: work.tb_mvm_accelerator
Performing mixed post full build step (MIXED - ELAB) [500 ms] ...
Performing mixed post full build step (MIXED - UNEL) [184 ms] ...
*** Warning: MISSING_PORT_CONNECTION: Instance 'dut' of module 'mvm_accelerator' is missing port connection to input 's_axis_a_1_tdata, s_axis_a_1_tvalid, s_axis_a_1_tlast, s_axis_a_2_tdata, ...'
    at line 148 in C:\Users\mrflu\Desktop\CU-SPUR-Drew\Vivado\z2\z2-accelerator\z2-accelerator.srcs\sim_1\new\tb_mvm_accelerator.sv:148 [compile index 18]
*** Warning: MISSING_PORT_CONNECTION: Instance 'dut' of module 'mvm_accelerator' is missing port connection to output 's_axis_a_1_tready, s_axis_a_2_tready, s_axis_a_3_tready, m_axis_1_tdata, ...'
    at line 148 in C:\Users\mrflu\Desktop\CU-SPUR-Drew\Vivado\z2\z2-accelerator\z2-accelerator.srcs\sim_1\new\tb_mvm_accelerator.sv:148 [compile index 18]
*** Warning: WIDTH_MISMATCH_TRUNCATION: Assignment to 's_axi_b_awsize[inst]' of '3-bit' type from '$clog2()' of '32-bit' type
    at line 90 in C:\Users\mrflu\Desktop\CU-SPUR-Drew\Vivado\z2\z2-accelerator\z2-accelerator.srcs\sim_1\new\tb_mvm_accelerator.sv:90 [compile index 18]
*** Warning: MISSING_PORT_CONNECTION: Instance 'a_gate' of module 'axis_register' is missing port connection to input 's_axis_tkeep, s_axis_tid, s_axis_tdest, s_axis_tuser'
    at line 114 in C:\Users\mrflu\Desktop\CU-SPUR-Drew\Vivado\z2\z2-accelerator\z2-accelerator.srcs\sources_1\new\mvm_channel_split.v:114 [compile index 15]
*** Warning: MISSING_PORT_CONNECTION: Instance 'a_gate' of module 'axis_register' is missing port connection to output 'm_axis_tkeep, m_axis_tid, m_axis_tdest, m_axis_tuser'
    at line 114 in C:\Users\mrflu\Desktop\CU-SPUR-Drew\Vivado\z2\z2-accelerator\z2-accelerator.srcs\sources_1\new\mvm_channel_split.v:114 [compile index 15]
*** Warning: UNDRIVEN_INPUT_PORT: Input port 's_axis_tkeep' is not driven
    at line 151 in C:\Users\mrflu\Desktop\CU-SPUR-Drew\Vivado\z2\z2-accelerator\z2-accelerator.srcs\sources_1\new\mvm_channel_split.v:151 [compile index 15]
*** Warning: MISSING_PORT_CONNECTION: Instance 'a_skid' of module 'axis_register' is missing port connection to input 's_axis_tkeep, s_axis_tid, s_axis_tdest, s_axis_tuser'
    at line 178 in C:\Users\mrflu\Desktop\CU-SPUR-Drew\Vivado\z2\z2-accelerator\z2-accelerator.srcs\sources_1\new\mvm_channel_split.v:178 [compile index 15]
*** Warning: MISSING_PORT_CONNECTION: Instance 'a_skid' of module 'axis_register' is missing port connection to output 'm_axis_tkeep, m_axis_tid, m_axis_tdest, m_axis_tuser'
    at line 178 in C:\Users\mrflu\Desktop\CU-SPUR-Drew\Vivado\z2\z2-accelerator\z2-accelerator.srcs\sources_1\new\mvm_channel_split.v:178 [compile index 15]
*** Warning: MISSING_PORT_CONNECTION: Instance 'b_gate' of module 'axis_register' is missing port connection to input 's_axis_tkeep, s_axis_tid, s_axis_tdest, s_axis_tuser'
    at line 225 in C:\Users\mrflu\Desktop\CU-SPUR-Drew\Vivado\z2\z2-accelerator\z2-accelerator.srcs\sources_1\new\mvm_channel_split.v:225 [compile index 15]
*** Warning: MISSING_PORT_CONNECTION: Instance 'b_gate' of module 'axis_register' is missing port connection to output 'm_axis_tkeep, m_axis_tid, m_axis_tdest, m_axis_tuser'
    at line 225 in C:\Users\mrflu\Desktop\CU-SPUR-Drew\Vivado\z2\z2-accelerator\z2-accelerator.srcs\sources_1\new\mvm_channel_split.v:225 [compile index 15]
*** Warning: UNDRIVEN_INPUT_PORT: Input port 's_axis_tkeep' is not driven
    at line 262 in C:\Users\mrflu\Desktop\CU-SPUR-Drew\Vivado\z2\z2-accelerator\z2-accelerator.srcs\sources_1\new\mvm_channel_split.v:262 [compile index 15]
*** Warning: MISSING_PORT_CONNECTION: Instance 'b_skid' of module 'axis_register' is missing port connection to input 's_axis_tkeep, s_axis_tid, s_axis_tdest, s_axis_tuser'
    at line 289 in C:\Users\mrflu\Desktop\CU-SPUR-Drew\Vivado\z2\z2-accelerator\z2-accelerator.srcs\sources_1\new\mvm_channel_split.v:289 [compile index 15]
*** Warning: MISSING_PORT_CONNECTION: Instance 'b_skid' of module 'axis_register' is missing port connection to output 'm_axis_tkeep, m_axis_tid, m_axis_tdest, m_axis_tuser'
    at line 289 in C:\Users\mrflu\Desktop\CU-SPUR-Drew\Vivado\z2\z2-accelerator\z2-accelerator.srcs\sources_1\new\mvm_channel_split.v:289 [compile index 15]
*** Warning: UNDRIVEN_INPUT_PORT: Input port 's_axis_tkeep' is not driven
    at line 333 in C:\Users\mrflu\Desktop\CU-SPUR-Drew\Vivado\z2\z2-accelerator\z2-accelerator.srcs\sources_1\new\mvm_channel_split.v:333 [compile index 15]
*** Warning: UNDECLARED_MODULE: Module 'fp64_adder' is not declared
    at line 89 in C:\Users\mrflu\Desktop\CU-SPUR-Drew\Vivado\z2\z2-accelerator\z2-accelerator.srcs\sources_1\new\mvm_compute.v:89 [compile index 16]
*** Warning: UNDECLARED_MODULE: Module 'fp64_mult' is not declared
    at line 44 in C:\Users\mrflu\Desktop\CU-SPUR-Drew\Vivado\z2\z2-accelerator\z2-accelerator.srcs\sources_1\new\dot_product.v:44 [compile index 10]
*** Warning: UNDECLARED_MODULE: Module 'fp64_accum' is not declared
    at line 61 in C:\Users\mrflu\Desktop\CU-SPUR-Drew\Vivado\z2\z2-accelerator\z2-accelerator.srcs\sources_1\new\dot_product.v:61 [compile index 10]
*** Warning: ASSIGNMENT_BLOCKING: Blocking assignment of 'wr_ptr_temp' in sequential logic (use non-blocking assignment)
    at line 424 in C:\Users\mrflu\Desktop\CU-SPUR-Drew\Vivado\z2\z2-accelerator\z2-accelerator.srcs\sources_1\new\axis_async_fifo.v:424 [compile index 7]
*** Warning: ASSIGNMENT_BLOCKING: Blocking assignment of 'wr_ptr_temp' in sequential logic (use non-blocking assignment)
    at line 432 in C:\Users\mrflu\Desktop\CU-SPUR-Drew\Vivado\z2\z2-accelerator\z2-accelerator.srcs\sources_1\new\axis_async_fifo.v:432 [compile index 7]
*** Warning: ASSIGNMENT_BLOCKING: Blocking assignment of 'wr_ptr_temp' in sequential logic (use non-blocking assignment)
    at line 440 in C:\Users\mrflu\Desktop\CU-SPUR-Drew\Vivado\z2\z2-accelerator\z2-accelerator.srcs\sources_1\new\axis_async_fifo.v:440 [compile index 7]
*** Warning: ASSIGNMENT_BLOCKING: Blocking assignment of 'wr_ptr_temp' in sequential logic (use non-blocking assignment)
    at line 446 in C:\Users\mrflu\Desktop\CU-SPUR-Drew\Vivado\z2\z2-accelerator\z2-accelerator.srcs\sources_1\new\axis_async_fifo.v:446 [compile index 7]
*** Warning: ASSIGNMENT_BLOCKING: Blocking assignment of 'wr_ptr_temp' in sequential logic (use non-blocking assignment)
    at line 469 in C:\Users\mrflu\Desktop\CU-SPUR-Drew\Vivado\z2\z2-accelerator\z2-accelerator.srcs\sources_1\new\axis_async_fifo.v:469 [compile index 7]
*** Warning: ASSIGNMENT_BLOCKING: Blocking assignment of 'wr_ptr_temp' in sequential logic (use non-blocking assignment)
    at line 495 in C:\Users\mrflu\Desktop\CU-SPUR-Drew\Vivado\z2\z2-accelerator\z2-accelerator.srcs\sources_1\new\axis_async_fifo.v:495 [compile index 7]
*** Warning: ASSIGNMENT_BLOCKING: Blocking assignment of 'wr_ptr_temp' in sequential logic (use non-blocking assignment)
    at line 516 in C:\Users\mrflu\Desktop\CU-SPUR-Drew\Vivado\z2\z2-accelerator\z2-accelerator.srcs\sources_1\new\axis_async_fifo.v:516 [compile index 7]
*** Warning: ASSIGNMENT_BLOCKING: Blocking assignment of 'wr_ptr_temp' in sequential logic (use non-blocking assignment)
    at line 525 in C:\Users\mrflu\Desktop\CU-SPUR-Drew\Vivado\z2\z2-accelerator\z2-accelerator.srcs\sources_1\new\axis_async_fifo.v:525 [compile index 7]
*** Warning: ASSIGNMENT_BLOCKING: Blocking assignment of 'rd_ptr_temp' in sequential logic (use non-blocking assignment)
    at line 671 in C:\Users\mrflu\Desktop\CU-SPUR-Drew\Vivado\z2\z2-accelerator\z2-accelerator.srcs\sources_1\new\axis_async_fifo.v:671 [compile index 7]
*** Warning: WIDTH_MISMATCH_TRUNCATION: Assignment to 'write_size_next' of '3-bit' type from '$clog2()' of '32-bit' type
    at line 200 in C:\Users\mrflu\Desktop\CU-SPUR-Drew\Vivado\z2\z2-accelerator\z2-accelerator.srcs\sources_1\new\axi_ram.v:200 [compile index 5]
*** Warning: WIDTH_MISMATCH_TRUNCATION: Assignment to 'read_size_next' of '3-bit' type from '$clog2()' of '32-bit' type
    at line 303 in C:\Users\mrflu\Desktop\CU-SPUR-Drew\Vivado\z2\z2-accelerator\z2-accelerator.srcs\sources_1\new\axi_ram.v:303 [compile index 5]
*** Warning: UNELABORATED_MODULE: Module 'work.arbiter' is not elaborated
    at line 34 in C:\Users\mrflu\Desktop\CU-SPUR-Drew\Vivado\z2\z2-accelerator\z2-accelerator.srcs\sources_1\new\arbiter.v:34 [compile index 1]
*** Warning: UNELABORATED_MODULE: Module 'work.axi_crossbar_addr' is not elaborated
    at line 34 in C:\Users\mrflu\Desktop\CU-SPUR-Drew\Vivado\z2\z2-accelerator\z2-accelerator.srcs\sources_1\new\axi_crossbar_addr.v:34 [compile index 2]
*** Warning: UNELABORATED_MODULE: Module 'work.axi_crossbar_rd' is not elaborated
    at line 34 in C:\Users\mrflu\Desktop\CU-SPUR-Drew\Vivado\z2\z2-accelerator\z2-accelerator.srcs\sources_1\new\axi_crossbar_rd.v:34 [compile index 3]
*** Warning: UNELABORATED_MODULE: Module 'work.axi_register_rd' is not elaborated
    at line 34 in C:\Users\mrflu\Desktop\CU-SPUR-Drew\Vivado\z2\z2-accelerator\z2-accelerator.srcs\sources_1\new\axi_register_rd.v:34 [compile index 6]
*** Warning: UNELABORATED_MODULE: Module 'work.priority_encoder' is not elaborated
    at line 34 in C:\Users\mrflu\Desktop\CU-SPUR-Drew\Vivado\z2\z2-accelerator\z2-accelerator.srcs\sources_1\new\priority_encoder.v:34 [compile index 17]
Performing mixed post full build step (VLOG - RD) [4 ms] ...
Performing mixed post full build step (VLOG - US) [115 ms] ...
*** Warning: OUTPUT_PORT_READ: Reading from output port 'grant_valid' is not recommended
    at line 109 in C:\Users\mrflu\Desktop\CU-SPUR-Drew\Vivado\z2\z2-accelerator\z2-accelerator.srcs\sources_1\new\arbiter.v:109 [compile index 1]
*** Warning: SIGNAL_NEVER_USED: Signal 's_axi_aqos' is never used
    at line 78 in C:\Users\mrflu\Desktop\CU-SPUR-Drew\Vivado\z2\z2-accelerator\z2-accelerator.srcs\sources_1\new\axi_crossbar_addr.v:78 [compile index 2]
*** Warning: PARAMETER_NEVER_USED: Parameter 'CL_S_COUNT' is never used
    at line 112 in C:\Users\mrflu\Desktop\CU-SPUR-Drew\Vivado\z2\z2-accelerator\z2-accelerator.srcs\sources_1\new\axi_crossbar_addr.v:112 [compile index 2]
*** Warning: PARAMETER_NEVER_USED: Parameter 'CL_S_INT_THREADS' is never used
    at line 116 in C:\Users\mrflu\Desktop\CU-SPUR-Drew\Vivado\z2\z2-accelerator\z2-accelerator.srcs\sources_1\new\axi_crossbar_addr.v:116 [compile index 2]
*** Warning: PARAMETER_NEVER_USED: Parameter 'CL_S_ACCEPT' is never used
    at line 117 in C:\Users\mrflu\Desktop\CU-SPUR-Drew\Vivado\z2\z2-accelerator\z2-accelerator.srcs\sources_1\new\axi_crossbar_addr.v:117 [compile index 2]
*** Warning: SIGNAL_NOT_RESET: Signal 'thread_id_reg' is not reset
    at line 307 in C:\Users\mrflu\Desktop\CU-SPUR-Drew\Vivado\z2\z2-accelerator\z2-accelerator.srcs\sources_1\new\axi_crossbar_addr.v:307 [compile index 2]
*** Warning: SIGNAL_NOT_RESET: Signal 'thread_m_reg' is not reset
    at line 308 in C:\Users\mrflu\Desktop\CU-SPUR-Drew\Vivado\z2\z2-accelerator\z2-accelerator.srcs\sources_1\new\axi_crossbar_addr.v:308 [compile index 2]
*** Warning: SIGNAL_NOT_RESET: Signal 'thread_region_reg' is not reset
    at line 309 in C:\Users\mrflu\Desktop\CU-SPUR-Drew\Vivado\z2\z2-accelerator\z2-accelerator.srcs\sources_1\new\axi_crossbar_addr.v:309 [compile index 2]
*** Warning: OUTPUT_PORT_READ: Reading from output port 's_axi_aready' is not recommended
    at line 336 in C:\Users\mrflu\Desktop\CU-SPUR-Drew\Vivado\z2\z2-accelerator\z2-accelerator.srcs\sources_1\new\axi_crossbar_addr.v:336 [compile index 2]
*** Warning: SIGNAL_NEVER_USED: Signal 'm_axi_rid' is never used
    at line 124 in C:\Users\mrflu\Desktop\CU-SPUR-Drew\Vivado\z2\z2-accelerator\z2-accelerator.srcs\sources_1\new\axi_dma_rd.v:124 [compile index 4]
*** Warning: SIGNAL_NEVER_USED: Signal 'm_axi_rlast' is never used
    at line 127 in C:\Users\mrflu\Desktop\CU-SPUR-Drew\Vivado\z2\z2-accelerator\z2-accelerator.srcs\sources_1\new\axi_dma_rd.v:127 [compile index 4]
*** Warning: PARAMETER_NEVER_USED: Parameter 'AXI_RESP_EXOKAY' is never used
    at line 193 in C:\Users\mrflu\Desktop\CU-SPUR-Drew\Vivado\z2\z2-accelerator\z2-accelerator.srcs\sources_1\new\axi_dma_rd.v:193 [compile index 4]
*** Warning: PARAMETER_NEVER_USED: Parameter 'DMA_ERROR_TIMEOUT' is never used
    at line 199 in C:\Users\mrflu\Desktop\CU-SPUR-Drew\Vivado\z2\z2-accelerator\z2-accelerator.srcs\sources_1\new\axi_dma_rd.v:199 [compile index 4]
*** Warning: PARAMETER_NEVER_USED: Parameter 'DMA_ERROR_PARITY' is never used
    at line 200 in C:\Users\mrflu\Desktop\CU-SPUR-Drew\Vivado\z2\z2-accelerator\z2-accelerator.srcs\sources_1\new\axi_dma_rd.v:200 [compile index 4]
*** Warning: PARAMETER_NEVER_USED: Parameter 'DMA_ERROR_AXI_WR_SLVERR' is never used
    at line 203 in C:\Users\mrflu\Desktop\CU-SPUR-Drew\Vivado\z2\z2-accelerator\z2-accelerator.srcs\sources_1\new\axi_dma_rd.v:203 [compile index 4]
*** Warning: PARAMETER_NEVER_USED: Parameter 'DMA_ERROR_AXI_WR_DECERR' is never used
    at line 204 in C:\Users\mrflu\Desktop\CU-SPUR-Drew\Vivado\z2\z2-accelerator\z2-accelerator.srcs\sources_1\new\axi_dma_rd.v:204 [compile index 4]
*** Warning: PARAMETER_NEVER_USED: Parameter 'DMA_ERROR_PCIE_FLR' is never used
    at line 205 in C:\Users\mrflu\Desktop\CU-SPUR-Drew\Vivado\z2\z2-accelerator\z2-accelerator.srcs\sources_1\new\axi_dma_rd.v:205 [compile index 4]
*** Warning: PARAMETER_NEVER_USED: Parameter 'DMA_ERROR_PCIE_CPL_POISONED' is never used
    at line 206 in C:\Users\mrflu\Desktop\CU-SPUR-Drew\Vivado\z2\z2-accelerator\z2-accelerator.srcs\sources_1\new\axi_dma_rd.v:206 [compile index 4]
*** Warning: PARAMETER_NEVER_USED: Parameter 'DMA_ERROR_PCIE_CPL_STATUS_UR' is never used
    at line 207 in C:\Users\mrflu\Desktop\CU-SPUR-Drew\Vivado\z2\z2-accelerator\z2-accelerator.srcs\sources_1\new\axi_dma_rd.v:207 [compile index 4]
*** Warning: PARAMETER_NEVER_USED: Parameter 'DMA_ERROR_PCIE_CPL_STATUS_CA' is never used
    at line 208 in C:\Users\mrflu\Desktop\CU-SPUR-Drew\Vivado\z2\z2-accelerator\z2-accelerator.srcs\sources_1\new\axi_dma_rd.v:208 [compile index 4]
*** Warning: OUTPUT_PORT_READ: Reading from output port 's_axis_read_desc_ready' is not recommended
    at line 328 in C:\Users\mrflu\Desktop\CU-SPUR-Drew\Vivado\z2\z2-accelerator\z2-accelerator.srcs\sources_1\new\axi_dma_rd.v:328 [compile index 4]
*** Warning: OUTPUT_PORT_READ: Reading from output port 'm_axi_arvalid' is not recommended
    at line 364 in C:\Users\mrflu\Desktop\CU-SPUR-Drew\Vivado\z2\z2-accelerator\z2-accelerator.srcs\sources_1\new\axi_dma_rd.v:364 [compile index 4]
*** Warning: OUTPUT_PORT_READ: Reading from output port 'm_axi_rready' is not recommended
    at line 444 in C:\Users\mrflu\Desktop\CU-SPUR-Drew\Vivado\z2\z2-accelerator\z2-accelerator.srcs\sources_1\new\axi_dma_rd.v:444 [compile index 4]
*** Warning: OUTPUT_PORT_READ: Reading from output port 'm_axi_rready' is not recommended
    at line 485 in C:\Users\mrflu\Desktop\CU-SPUR-Drew\Vivado\z2\z2-accelerator\z2-accelerator.srcs\sources_1\new\axi_dma_rd.v:485 [compile index 4]
*** Warning: OUTPUT_PORT_READ: Reading from output port 'm_axi_rready' is not recommended
    at line 487 in C:\Users\mrflu\Desktop\CU-SPUR-Drew\Vivado\z2\z2-accelerator\z2-accelerator.srcs\sources_1\new\axi_dma_rd.v:487 [compile index 4]
*** Warning: SIGNAL_NOT_RESET: Signal 'out_fifo_tdata' is not reset
    at line 663 in C:\Users\mrflu\Desktop\CU-SPUR-Drew\Vivado\z2\z2-accelerator\z2-accelerator.srcs\sources_1\new\axi_dma_rd.v:663 [compile index 4]
*** Warning: SIGNAL_NOT_RESET: Signal 'out_fifo_tkeep' is not reset
    at line 664 in C:\Users\mrflu\Desktop\CU-SPUR-Drew\Vivado\z2\z2-accelerator\z2-accelerator.srcs\sources_1\new\axi_dma_rd.v:664 [compile index 4]
*** Warning: SIGNAL_NOT_RESET: Signal 'out_fifo_tlast' is not reset
    at line 665 in C:\Users\mrflu\Desktop\CU-SPUR-Drew\Vivado\z2\z2-accelerator\z2-accelerator.srcs\sources_1\new\axi_dma_rd.v:665 [compile index 4]
*** Warning: SIGNAL_NOT_RESET: Signal 'out_fifo_tid' is not reset
    at line 666 in C:\Users\mrflu\Desktop\CU-SPUR-Drew\Vivado\z2\z2-accelerator\z2-accelerator.srcs\sources_1\new\axi_dma_rd.v:666 [compile index 4]
*** Warning: SIGNAL_NOT_RESET: Signal 'out_fifo_tdest' is not reset
    at line 667 in C:\Users\mrflu\Desktop\CU-SPUR-Drew\Vivado\z2\z2-accelerator\z2-accelerator.srcs\sources_1\new\axi_dma_rd.v:667 [compile index 4]
*** Warning: SIGNAL_NOT_RESET: Signal 'out_fifo_tuser' is not reset
    at line 668 in C:\Users\mrflu\Desktop\CU-SPUR-Drew\Vivado\z2\z2-accelerator\z2-accelerator.srcs\sources_1\new\axi_dma_rd.v:668 [compile index 4]
*** Warning: SIGNAL_NOT_RESET: Signal 'm_axis_read_data_tdata_reg' is not reset
    at line 673 in C:\Users\mrflu\Desktop\CU-SPUR-Drew\Vivado\z2\z2-accelerator\z2-accelerator.srcs\sources_1\new\axi_dma_rd.v:673 [compile index 4]
*** Warning: SIGNAL_NOT_RESET: Signal 'm_axis_read_data_tkeep_reg' is not reset
    at line 674 in C:\Users\mrflu\Desktop\CU-SPUR-Drew\Vivado\z2\z2-accelerator\z2-accelerator.srcs\sources_1\new\axi_dma_rd.v:674 [compile index 4]
*** Warning: SIGNAL_NOT_RESET: Signal 'm_axis_read_data_tlast_reg' is not reset
    at line 676 in C:\Users\mrflu\Desktop\CU-SPUR-Drew\Vivado\z2\z2-accelerator\z2-accelerator.srcs\sources_1\new\axi_dma_rd.v:676 [compile index 4]
*** Warning: SIGNAL_NOT_RESET: Signal 'm_axis_read_data_tid_reg' is not reset
    at line 677 in C:\Users\mrflu\Desktop\CU-SPUR-Drew\Vivado\z2\z2-accelerator\z2-accelerator.srcs\sources_1\new\axi_dma_rd.v:677 [compile index 4]
*** Warning: SIGNAL_NOT_RESET: Signal 'm_axis_read_data_tdest_reg' is not reset
    at line 678 in C:\Users\mrflu\Desktop\CU-SPUR-Drew\Vivado\z2\z2-accelerator\z2-accelerator.srcs\sources_1\new\axi_dma_rd.v:678 [compile index 4]
*** Warning: SIGNAL_NOT_RESET: Signal 'm_axis_read_data_tuser_reg' is not reset
    at line 679 in C:\Users\mrflu\Desktop\CU-SPUR-Drew\Vivado\z2\z2-accelerator\z2-accelerator.srcs\sources_1\new\axi_dma_rd.v:679 [compile index 4]
*** Warning: SIGNAL_NEVER_USED: Signal 's_axi_awlock' is never used
    at line 58 in C:\Users\mrflu\Desktop\CU-SPUR-Drew\Vivado\z2\z2-accelerator\z2-accelerator.srcs\sources_1\new\axi_ram.v:58 [compile index 5]
*** Warning: SIGNAL_NEVER_USED: Signal 's_axi_awcache' is never used
    at line 59 in C:\Users\mrflu\Desktop\CU-SPUR-Drew\Vivado\z2\z2-accelerator\z2-accelerator.srcs\sources_1\new\axi_ram.v:59 [compile index 5]
*** Warning: SIGNAL_NEVER_USED: Signal 's_axi_awprot' is never used
    at line 60 in C:\Users\mrflu\Desktop\CU-SPUR-Drew\Vivado\z2\z2-accelerator\z2-accelerator.srcs\sources_1\new\axi_ram.v:60 [compile index 5]
*** Warning: SIGNAL_NEVER_USED: Signal 's_axi_wlast' is never used
    at line 65 in C:\Users\mrflu\Desktop\CU-SPUR-Drew\Vivado\z2\z2-accelerator\z2-accelerator.srcs\sources_1\new\axi_ram.v:65 [compile index 5]
*** Warning: SIGNAL_NEVER_USED: Signal 's_axi_arlock' is never used
    at line 78 in C:\Users\mrflu\Desktop\CU-SPUR-Drew\Vivado\z2\z2-accelerator\z2-accelerator.srcs\sources_1\new\axi_ram.v:78 [compile index 5]
*** Warning: SIGNAL_NEVER_USED: Signal 's_axi_arcache' is never used
    at line 79 in C:\Users\mrflu\Desktop\CU-SPUR-Drew\Vivado\z2\z2-accelerator\z2-accelerator.srcs\sources_1\new\axi_ram.v:79 [compile index 5]
*** Warning: SIGNAL_NEVER_USED: Signal 's_axi_arprot' is never used
    at line 80 in C:\Users\mrflu\Desktop\CU-SPUR-Drew\Vivado\z2\z2-accelerator\z2-accelerator.srcs\sources_1\new\axi_ram.v:80 [compile index 5]
*** Warning: SIGNAL_NEVER_USED: Signal 's_axi_rdata_next' is never used
    at line 141 in C:\Users\mrflu\Desktop\CU-SPUR-Drew\Vivado\z2\z2-accelerator\z2-accelerator.srcs\sources_1\new\axi_ram.v:141 [compile index 5]
*** Warning: SIGNAL_NEVER_READ: Signal 's_axi_awaddr_valid' is never read
    at line 151 in C:\Users\mrflu\Desktop\CU-SPUR-Drew\Vivado\z2\z2-accelerator\z2-accelerator.srcs\sources_1\new\axi_ram.v:151 [compile index 5]
*** Warning: SIGNAL_NEVER_READ: Signal 's_axi_araddr_valid' is never read
    at line 152 in C:\Users\mrflu\Desktop\CU-SPUR-Drew\Vivado\z2\z2-accelerator\z2-accelerator.srcs\sources_1\new\axi_ram.v:152 [compile index 5]
*** Warning: OUTPUT_PORT_READ: Reading from output port 's_axi_awready' is not recommended
    at line 196 in C:\Users\mrflu\Desktop\CU-SPUR-Drew\Vivado\z2\z2-accelerator\z2-accelerator.srcs\sources_1\new\axi_ram.v:196 [compile index 5]
*** Warning: OUTPUT_PORT_READ: Reading from output port 's_axi_wready' is not recommended
    at line 213 in C:\Users\mrflu\Desktop\CU-SPUR-Drew\Vivado\z2\z2-accelerator\z2-accelerator.srcs\sources_1\new\axi_ram.v:213 [compile index 5]
*** Warning: OUTPUT_PORT_READ: Reading from output port 's_axi_bvalid' is not recommended
    at line 223 in C:\Users\mrflu\Desktop\CU-SPUR-Drew\Vivado\z2\z2-accelerator\z2-accelerator.srcs\sources_1\new\axi_ram.v:223 [compile index 5]
*** Warning: OUTPUT_PORT_READ: Reading from output port 's_axi_bvalid' is not recommended
    at line 237 in C:\Users\mrflu\Desktop\CU-SPUR-Drew\Vivado\z2\z2-accelerator\z2-accelerator.srcs\sources_1\new\axi_ram.v:237 [compile index 5]
*** Warning: SIGNAL_NOT_RESET: Signal 'mem' is not reset
    at line 265 in C:\Users\mrflu\Desktop\CU-SPUR-Drew\Vivado\z2\z2-accelerator\z2-accelerator.srcs\sources_1\new\axi_ram.v:265 [compile index 5]
*** Warning: OUTPUT_PORT_READ: Reading from output port 's_axi_arready' is not recommended
    at line 299 in C:\Users\mrflu\Desktop\CU-SPUR-Drew\Vivado\z2\z2-accelerator\z2-accelerator.srcs\sources_1\new\axi_ram.v:299 [compile index 5]
*** Warning: SIGNAL_NOT_RESET: Signal 's_axi_rdata_reg' is not reset
    at line 350 in C:\Users\mrflu\Desktop\CU-SPUR-Drew\Vivado\z2\z2-accelerator\z2-accelerator.srcs\sources_1\new\axi_ram.v:350 [compile index 5]
*** Warning: SIGNAL_NOT_RESET: Signal 's_axi_rid_pipe_reg' is not reset
    at line 354 in C:\Users\mrflu\Desktop\CU-SPUR-Drew\Vivado\z2\z2-accelerator\z2-accelerator.srcs\sources_1\new\axi_ram.v:354 [compile index 5]
*** Warning: SIGNAL_NOT_RESET: Signal 's_axi_rdata_pipe_reg' is not reset
    at line 355 in C:\Users\mrflu\Desktop\CU-SPUR-Drew\Vivado\z2\z2-accelerator\z2-accelerator.srcs\sources_1\new\axi_ram.v:355 [compile index 5]
*** Warning: SIGNAL_NOT_RESET: Signal 's_axi_rlast_pipe_reg' is not reset
    at line 356 in C:\Users\mrflu\Desktop\CU-SPUR-Drew\Vivado\z2\z2-accelerator\z2-accelerator.srcs\sources_1\new\axi_ram.v:356 [compile index 5]
*** Warning: PARAMETER_NEVER_USED: Parameter 'STRB_WIDTH' is never used
    at line 41 in C:\Users\mrflu\Desktop\CU-SPUR-Drew\Vivado\z2\z2-accelerator\z2-accelerator.srcs\sources_1\new\axi_register_rd.v:41 [compile index 6]
*** Warning: SIGNAL_NOT_RESET: Signal 'm_axi_arid_reg' is not reset
    at line 212 in C:\Users\mrflu\Desktop\CU-SPUR-Drew\Vivado\z2\z2-accelerator\z2-accelerator.srcs\sources_1\new\axi_register_rd.v:212 [compile index 6]
*** Warning: SIGNAL_NOT_RESET: Signal 'm_axi_araddr_reg' is not reset
    at line 213 in C:\Users\mrflu\Desktop\CU-SPUR-Drew\Vivado\z2\z2-accelerator\z2-accelerator.srcs\sources_1\new\axi_register_rd.v:213 [compile index 6]
*** Warning: SIGNAL_NOT_RESET: Signal 'm_axi_arlen_reg' is not reset
    at line 214 in C:\Users\mrflu\Desktop\CU-SPUR-Drew\Vivado\z2\z2-accelerator\z2-accelerator.srcs\sources_1\new\axi_register_rd.v:214 [compile index 6]
*** Warning: SIGNAL_NOT_RESET: Signal 'm_axi_arsize_reg' is not reset
    at line 215 in C:\Users\mrflu\Desktop\CU-SPUR-Drew\Vivado\z2\z2-accelerator\z2-accelerator.srcs\sources_1\new\axi_register_rd.v:215 [compile index 6]
*** Warning: SIGNAL_NOT_RESET: Signal 'm_axi_arburst_reg' is not reset
    at line 216 in C:\Users\mrflu\Desktop\CU-SPUR-Drew\Vivado\z2\z2-accelerator\z2-accelerator.srcs\sources_1\new\axi_register_rd.v:216 [compile index 6]
*** Warning: SIGNAL_NOT_RESET: Signal 'm_axi_arlock_reg' is not reset
    at line 217 in C:\Users\mrflu\Desktop\CU-SPUR-Drew\Vivado\z2\z2-accelerator\z2-accelerator.srcs\sources_1\new\axi_register_rd.v:217 [compile index 6]
*** Warning: SIGNAL_NOT_RESET: Signal 'm_axi_arcache_reg' is not reset
    at line 218 in C:\Users\mrflu\Desktop\CU-SPUR-Drew\Vivado\z2\z2-accelerator\z2-accelerator.srcs\sources_1\new\axi_register_rd.v:218 [compile index 6]
*** Warning: SIGNAL_NOT_RESET: Signal 'm_axi_arprot_reg' is not reset
    at line 219 in C:\Users\mrflu\Desktop\CU-SPUR-Drew\Vivado\z2\z2-accelerator\z2-accelerator.srcs\sources_1\new\axi_register_rd.v:219 [compile index 6]
*** Warning: SIGNAL_NOT_RESET: Signal 'm_axi_arqos_reg' is not reset
    at line 220 in C:\Users\mrflu\Desktop\CU-SPUR-Drew\Vivado\z2\z2-accelerator\z2-accelerator.srcs\sources_1\new\axi_register_rd.v:220 [compile index 6]
*** Warning: SIGNAL_NOT_RESET: Signal 'm_axi_arregion_reg' is not reset
    at line 221 in C:\Users\mrflu\Desktop\CU-SPUR-Drew\Vivado\z2\z2-accelerator\z2-accelerator.srcs\sources_1\new\axi_register_rd.v:221 [compile index 6]
*** Warning: SIGNAL_NOT_RESET: Signal 'm_axi_aruser_reg' is not reset
    at line 222 in C:\Users\mrflu\Desktop\CU-SPUR-Drew\Vivado\z2\z2-accelerator\z2-accelerator.srcs\sources_1\new\axi_register_rd.v:222 [compile index 6]
*** Warning: SIGNAL_NOT_RESET: Signal 'temp_m_axi_arid_reg' is not reset
    at line 238 in C:\Users\mrflu\Desktop\CU-SPUR-Drew\Vivado\z2\z2-accelerator\z2-accelerator.srcs\sources_1\new\axi_register_rd.v:238 [compile index 6]
*** Warning: SIGNAL_NOT_RESET: Signal 'temp_m_axi_araddr_reg' is not reset
    at line 239 in C:\Users\mrflu\Desktop\CU-SPUR-Drew\Vivado\z2\z2-accelerator\z2-accelerator.srcs\sources_1\new\axi_register_rd.v:239 [compile index 6]
*** Warning: SIGNAL_NOT_RESET: Signal 'temp_m_axi_arlen_reg' is not reset
    at line 240 in C:\Users\mrflu\Desktop\CU-SPUR-Drew\Vivado\z2\z2-accelerator\z2-accelerator.srcs\sources_1\new\axi_register_rd.v:240 [compile index 6]
*** Warning: SIGNAL_NOT_RESET: Signal 'temp_m_axi_arsize_reg' is not reset
    at line 241 in C:\Users\mrflu\Desktop\CU-SPUR-Drew\Vivado\z2\z2-accelerator\z2-accelerator.srcs\sources_1\new\axi_register_rd.v:241 [compile index 6]
*** Warning: SIGNAL_NOT_RESET: Signal 'temp_m_axi_arburst_reg' is not reset
    at line 242 in C:\Users\mrflu\Desktop\CU-SPUR-Drew\Vivado\z2\z2-accelerator\z2-accelerator.srcs\sources_1\new\axi_register_rd.v:242 [compile index 6]
*** Warning: SIGNAL_NOT_RESET: Signal 'temp_m_axi_arlock_reg' is not reset
    at line 243 in C:\Users\mrflu\Desktop\CU-SPUR-Drew\Vivado\z2\z2-accelerator\z2-accelerator.srcs\sources_1\new\axi_register_rd.v:243 [compile index 6]
*** Warning: SIGNAL_NOT_RESET: Signal 'temp_m_axi_arcache_reg' is not reset
    at line 244 in C:\Users\mrflu\Desktop\CU-SPUR-Drew\Vivado\z2\z2-accelerator\z2-accelerator.srcs\sources_1\new\axi_register_rd.v:244 [compile index 6]
*** Warning: SIGNAL_NOT_RESET: Signal 'temp_m_axi_arprot_reg' is not reset
    at line 245 in C:\Users\mrflu\Desktop\CU-SPUR-Drew\Vivado\z2\z2-accelerator\z2-accelerator.srcs\sources_1\new\axi_register_rd.v:245 [compile index 6]
*** Warning: SIGNAL_NOT_RESET: Signal 'temp_m_axi_arqos_reg' is not reset
    at line 246 in C:\Users\mrflu\Desktop\CU-SPUR-Drew\Vivado\z2\z2-accelerator\z2-accelerator.srcs\sources_1\new\axi_register_rd.v:246 [compile index 6]
*** Warning: SIGNAL_NOT_RESET: Signal 'temp_m_axi_arregion_reg' is not reset
    at line 247 in C:\Users\mrflu\Desktop\CU-SPUR-Drew\Vivado\z2\z2-accelerator\z2-accelerator.srcs\sources_1\new\axi_register_rd.v:247 [compile index 6]
*** Warning: SIGNAL_NOT_RESET: Signal 'temp_m_axi_aruser_reg' is not reset
    at line 248 in C:\Users\mrflu\Desktop\CU-SPUR-Drew\Vivado\z2\z2-accelerator\z2-accelerator.srcs\sources_1\new\axi_register_rd.v:248 [compile index 6]
*** Warning: SIGNAL_NOT_RESET: Signal 'm_axi_arid_reg' is not reset
    at line 317 in C:\Users\mrflu\Desktop\CU-SPUR-Drew\Vivado\z2\z2-accelerator\z2-accelerator.srcs\sources_1\new\axi_register_rd.v:317 [compile index 6]
*** Warning: SIGNAL_NOT_RESET: Signal 'm_axi_araddr_reg' is not reset
    at line 318 in C:\Users\mrflu\Desktop\CU-SPUR-Drew\Vivado\z2\z2-accelerator\z2-accelerator.srcs\sources_1\new\axi_register_rd.v:318 [compile index 6]
*** Warning: SIGNAL_NOT_RESET: Signal 'm_axi_arlen_reg' is not reset
    at line 319 in C:\Users\mrflu\Desktop\CU-SPUR-Drew\Vivado\z2\z2-accelerator\z2-accelerator.srcs\sources_1\new\axi_register_rd.v:319 [compile index 6]
*** Warning: SIGNAL_NOT_RESET: Signal 'm_axi_arsize_reg' is not reset
    at line 320 in C:\Users\mrflu\Desktop\CU-SPUR-Drew\Vivado\z2\z2-accelerator\z2-accelerator.srcs\sources_1\new\axi_register_rd.v:320 [compile index 6]
*** Warning: SIGNAL_NOT_RESET: Signal 'm_axi_arburst_reg' is not reset
    at line 321 in C:\Users\mrflu\Desktop\CU-SPUR-Drew\Vivado\z2\z2-accelerator\z2-accelerator.srcs\sources_1\new\axi_register_rd.v:321 [compile index 6]
*** Warning: SIGNAL_NOT_RESET: Signal 'm_axi_arlock_reg' is not reset
    at line 322 in C:\Users\mrflu\Desktop\CU-SPUR-Drew\Vivado\z2\z2-accelerator\z2-accelerator.srcs\sources_1\new\axi_register_rd.v:322 [compile index 6]
*** Warning: SIGNAL_NOT_RESET: Signal 'm_axi_arcache_reg' is not reset
    at line 323 in C:\Users\mrflu\Desktop\CU-SPUR-Drew\Vivado\z2\z2-accelerator\z2-accelerator.srcs\sources_1\new\axi_register_rd.v:323 [compile index 6]
*** Warning: SIGNAL_NOT_RESET: Signal 'm_axi_arprot_reg' is not reset
    at line 324 in C:\Users\mrflu\Desktop\CU-SPUR-Drew\Vivado\z2\z2-accelerator\z2-accelerator.srcs\sources_1\new\axi_register_rd.v:324 [compile index 6]
*** Warning: SIGNAL_NOT_RESET: Signal 'm_axi_arqos_reg' is not reset
    at line 325 in C:\Users\mrflu\Desktop\CU-SPUR-Drew\Vivado\z2\z2-accelerator\z2-accelerator.srcs\sources_1\new\axi_register_rd.v:325 [compile index 6]
*** Warning: SIGNAL_NOT_RESET: Signal 'm_axi_arregion_reg' is not reset
    at line 326 in C:\Users\mrflu\Desktop\CU-SPUR-Drew\Vivado\z2\z2-accelerator\z2-accelerator.srcs\sources_1\new\axi_register_rd.v:326 [compile index 6]
*** Warning: SIGNAL_NOT_RESET: Signal 'm_axi_aruser_reg' is not reset
    at line 327 in C:\Users\mrflu\Desktop\CU-SPUR-Drew\Vivado\z2\z2-accelerator\z2-accelerator.srcs\sources_1\new\axi_register_rd.v:327 [compile index 6]
*** Warning: FEEDTHROUGH_DETECTED: Feedthrough from 's_axi_arid' to 'm_axi_arid'
    at line 334 in C:\Users\mrflu\Desktop\CU-SPUR-Drew\Vivado\z2\z2-accelerator\z2-accelerator.srcs\sources_1\new\axi_register_rd.v:334 [compile index 6]
*** Warning: FEEDTHROUGH_DETECTED: Feedthrough from 's_axi_araddr' to 'm_axi_araddr'
    at line 335 in C:\Users\mrflu\Desktop\CU-SPUR-Drew\Vivado\z2\z2-accelerator\z2-accelerator.srcs\sources_1\new\axi_register_rd.v:335 [compile index 6]
*** Warning: FEEDTHROUGH_DETECTED: Feedthrough from 's_axi_arlen' to 'm_axi_arlen'
    at line 336 in C:\Users\mrflu\Desktop\CU-SPUR-Drew\Vivado\z2\z2-accelerator\z2-accelerator.srcs\sources_1\new\axi_register_rd.v:336 [compile index 6]
*** Warning: FEEDTHROUGH_DETECTED: Feedthrough from 's_axi_arsize' to 'm_axi_arsize'
    at line 337 in C:\Users\mrflu\Desktop\CU-SPUR-Drew\Vivado\z2\z2-accelerator\z2-accelerator.srcs\sources_1\new\axi_register_rd.v:337 [compile index 6]
*** Warning: FEEDTHROUGH_DETECTED: Feedthrough from 's_axi_arburst' to 'm_axi_arburst'
    at line 338 in C:\Users\mrflu\Desktop\CU-SPUR-Drew\Vivado\z2\z2-accelerator\z2-accelerator.srcs\sources_1\new\axi_register_rd.v:338 [compile index 6]
*** Warning: FEEDTHROUGH_DETECTED: Feedthrough from 's_axi_arlock' to 'm_axi_arlock'
    at line 339 in C:\Users\mrflu\Desktop\CU-SPUR-Drew\Vivado\z2\z2-accelerator\z2-accelerator.srcs\sources_1\new\axi_register_rd.v:339 [compile index 6]
*** Warning: FEEDTHROUGH_DETECTED: Feedthrough from 's_axi_arcache' to 'm_axi_arcache'
    at line 340 in C:\Users\mrflu\Desktop\CU-SPUR-Drew\Vivado\z2\z2-accelerator\z2-accelerator.srcs\sources_1\new\axi_register_rd.v:340 [compile index 6]
*** Warning: FEEDTHROUGH_DETECTED: Feedthrough from 's_axi_arprot' to 'm_axi_arprot'
    at line 341 in C:\Users\mrflu\Desktop\CU-SPUR-Drew\Vivado\z2\z2-accelerator\z2-accelerator.srcs\sources_1\new\axi_register_rd.v:341 [compile index 6]
*** Warning: FEEDTHROUGH_DETECTED: Feedthrough from 's_axi_arqos' to 'm_axi_arqos'
    at line 342 in C:\Users\mrflu\Desktop\CU-SPUR-Drew\Vivado\z2\z2-accelerator\z2-accelerator.srcs\sources_1\new\axi_register_rd.v:342 [compile index 6]
*** Warning: FEEDTHROUGH_DETECTED: Feedthrough from 's_axi_arregion' to 'm_axi_arregion'
    at line 343 in C:\Users\mrflu\Desktop\CU-SPUR-Drew\Vivado\z2\z2-accelerator\z2-accelerator.srcs\sources_1\new\axi_register_rd.v:343 [compile index 6]
*** Warning: FEEDTHROUGH_DETECTED: Feedthrough from 's_axi_arvalid' to 'm_axi_arvalid'
    at line 345 in C:\Users\mrflu\Desktop\CU-SPUR-Drew\Vivado\z2\z2-accelerator\z2-accelerator.srcs\sources_1\new\axi_register_rd.v:345 [compile index 6]
*** Warning: FEEDTHROUGH_DETECTED: Feedthrough from 'm_axi_arready' to 's_axi_arready'
    at line 346 in C:\Users\mrflu\Desktop\CU-SPUR-Drew\Vivado\z2\z2-accelerator\z2-accelerator.srcs\sources_1\new\axi_register_rd.v:346 [compile index 6]
*** Warning: SIGNAL_NOT_RESET: Signal 's_axi_rid_reg' is not reset
    at line 430 in C:\Users\mrflu\Desktop\CU-SPUR-Drew\Vivado\z2\z2-accelerator\z2-accelerator.srcs\sources_1\new\axi_register_rd.v:430 [compile index 6]
*** Warning: SIGNAL_NOT_RESET: Signal 's_axi_rdata_reg' is not reset
    at line 431 in C:\Users\mrflu\Desktop\CU-SPUR-Drew\Vivado\z2\z2-accelerator\z2-accelerator.srcs\sources_1\new\axi_register_rd.v:431 [compile index 6]
*** Warning: SIGNAL_NOT_RESET: Signal 's_axi_rresp_reg' is not reset
    at line 432 in C:\Users\mrflu\Desktop\CU-SPUR-Drew\Vivado\z2\z2-accelerator\z2-accelerator.srcs\sources_1\new\axi_register_rd.v:432 [compile index 6]
*** Warning: SIGNAL_NOT_RESET: Signal 's_axi_rlast_reg' is not reset
    at line 433 in C:\Users\mrflu\Desktop\CU-SPUR-Drew\Vivado\z2\z2-accelerator\z2-accelerator.srcs\sources_1\new\axi_register_rd.v:433 [compile index 6]
*** Warning: SIGNAL_NOT_RESET: Signal 's_axi_ruser_reg' is not reset
    at line 434 in C:\Users\mrflu\Desktop\CU-SPUR-Drew\Vivado\z2\z2-accelerator\z2-accelerator.srcs\sources_1\new\axi_register_rd.v:434 [compile index 6]
*** Warning: SIGNAL_NOT_RESET: Signal 'temp_s_axi_rid_reg' is not reset
    at line 444 in C:\Users\mrflu\Desktop\CU-SPUR-Drew\Vivado\z2\z2-accelerator\z2-accelerator.srcs\sources_1\new\axi_register_rd.v:444 [compile index 6]
*** Warning: SIGNAL_NOT_RESET: Signal 'temp_s_axi_rdata_reg' is not reset
    at line 445 in C:\Users\mrflu\Desktop\CU-SPUR-Drew\Vivado\z2\z2-accelerator\z2-accelerator.srcs\sources_1\new\axi_register_rd.v:445 [compile index 6]
*** Warning: SIGNAL_NOT_RESET: Signal 'temp_s_axi_rresp_reg' is not reset
    at line 446 in C:\Users\mrflu\Desktop\CU-SPUR-Drew\Vivado\z2\z2-accelerator\z2-accelerator.srcs\sources_1\new\axi_register_rd.v:446 [compile index 6]
*** Warning: SIGNAL_NOT_RESET: Signal 'temp_s_axi_rlast_reg' is not reset
    at line 447 in C:\Users\mrflu\Desktop\CU-SPUR-Drew\Vivado\z2\z2-accelerator\z2-accelerator.srcs\sources_1\new\axi_register_rd.v:447 [compile index 6]
*** Warning: SIGNAL_NOT_RESET: Signal 'temp_s_axi_ruser_reg' is not reset
    at line 448 in C:\Users\mrflu\Desktop\CU-SPUR-Drew\Vivado\z2\z2-accelerator\z2-accelerator.srcs\sources_1\new\axi_register_rd.v:448 [compile index 6]
*** Warning: SIGNAL_NOT_RESET: Signal 's_axi_rid_reg' is not reset
    at line 505 in C:\Users\mrflu\Desktop\CU-SPUR-Drew\Vivado\z2\z2-accelerator\z2-accelerator.srcs\sources_1\new\axi_register_rd.v:505 [compile index 6]
*** Warning: SIGNAL_NOT_RESET: Signal 's_axi_rdata_reg' is not reset
    at line 506 in C:\Users\mrflu\Desktop\CU-SPUR-Drew\Vivado\z2\z2-accelerator\z2-accelerator.srcs\sources_1\new\axi_register_rd.v:506 [compile index 6]
*** Warning: SIGNAL_NOT_RESET: Signal 's_axi_rresp_reg' is not reset
    at line 507 in C:\Users\mrflu\Desktop\CU-SPUR-Drew\Vivado\z2\z2-accelerator\z2-accelerator.srcs\sources_1\new\axi_register_rd.v:507 [compile index 6]
*** Warning: SIGNAL_NOT_RESET: Signal 's_axi_rlast_reg' is not reset
    at line 508 in C:\Users\mrflu\Desktop\CU-SPUR-Drew\Vivado\z2\z2-accelerator\z2-accelerator.srcs\sources_1\new\axi_register_rd.v:508 [compile index 6]
*** Warning: SIGNAL_NOT_RESET: Signal 's_axi_ruser_reg' is not reset
    at line 509 in C:\Users\mrflu\Desktop\CU-SPUR-Drew\Vivado\z2\z2-accelerator\z2-accelerator.srcs\sources_1\new\axi_register_rd.v:509 [compile index 6]
*** Warning: FEEDTHROUGH_DETECTED: Feedthrough from 'm_axi_rid' to 's_axi_rid'
    at line 516 in C:\Users\mrflu\Desktop\CU-SPUR-Drew\Vivado\z2\z2-accelerator\z2-accelerator.srcs\sources_1\new\axi_register_rd.v:516 [compile index 6]
*** Warning: FEEDTHROUGH_DETECTED: Feedthrough from 'm_axi_rdata' to 's_axi_rdata'
    at line 517 in C:\Users\mrflu\Desktop\CU-SPUR-Drew\Vivado\z2\z2-accelerator\z2-accelerator.srcs\sources_1\new\axi_register_rd.v:517 [compile index 6]
*** Warning: FEEDTHROUGH_DETECTED: Feedthrough from 'm_axi_rresp' to 's_axi_rresp'
    at line 518 in C:\Users\mrflu\Desktop\CU-SPUR-Drew\Vivado\z2\z2-accelerator\z2-accelerator.srcs\sources_1\new\axi_register_rd.v:518 [compile index 6]
*** Warning: FEEDTHROUGH_DETECTED: Feedthrough from 'm_axi_rlast' to 's_axi_rlast'
    at line 519 in C:\Users\mrflu\Desktop\CU-SPUR-Drew\Vivado\z2\z2-accelerator\z2-accelerator.srcs\sources_1\new\axi_register_rd.v:519 [compile index 6]
*** Warning: FEEDTHROUGH_DETECTED: Feedthrough from 'm_axi_rvalid' to 's_axi_rvalid'
    at line 521 in C:\Users\mrflu\Desktop\CU-SPUR-Drew\Vivado\z2\z2-accelerator\z2-accelerator.srcs\sources_1\new\axi_register_rd.v:521 [compile index 6]
*** Warning: FEEDTHROUGH_DETECTED: Feedthrough from 's_axi_rready' to 'm_axi_rready'
    at line 522 in C:\Users\mrflu\Desktop\CU-SPUR-Drew\Vivado\z2\z2-accelerator\z2-accelerator.srcs\sources_1\new\axi_register_rd.v:522 [compile index 6]
*** Warning: SIGNAL_NEVER_READ: Signal 'mem_read_data_valid_reg' is never read
    at line 257 in C:\Users\mrflu\Desktop\CU-SPUR-Drew\Vivado\z2\z2-accelerator\z2-accelerator.srcs\sources_1\new\axis_async_fifo.v:257 [compile index 7]
*** Warning: SIGNAL_NEVER_USED: Signal 'write' is never used
    at line 272 in C:\Users\mrflu\Desktop\CU-SPUR-Drew\Vivado\z2\z2-accelerator\z2-accelerator.srcs\sources_1\new\axis_async_fifo.v:272 [compile index 7]
*** Warning: SIGNAL_NEVER_USED: Signal 'read' is never used
    at line 273 in C:\Users\mrflu\Desktop\CU-SPUR-Drew\Vivado\z2\z2-accelerator\z2-accelerator.srcs\sources_1\new\axis_async_fifo.v:273 [compile index 7]
*** Warning: SIGNAL_NEVER_USED: Signal 'store_output' is never used
    at line 274 in C:\Users\mrflu\Desktop\CU-SPUR-Drew\Vivado\z2\z2-accelerator\z2-accelerator.srcs\sources_1\new\axis_async_fifo.v:274 [compile index 7]
*** Warning: OUTPUT_PORT_READ: Reading from output port 's_axis_tready' is not recommended
    at line 399 in C:\Users\mrflu\Desktop\CU-SPUR-Drew\Vivado\z2\z2-accelerator\z2-accelerator.srcs\sources_1\new\axis_async_fifo.v:399 [compile index 7]
*** Warning: OUTPUT_PORT_READ: Reading from output port 's_axis_tready' is not recommended
    at line 406 in C:\Users\mrflu\Desktop\CU-SPUR-Drew\Vivado\z2\z2-accelerator\z2-accelerator.srcs\sources_1\new\axis_async_fifo.v:406 [compile index 7]
*** Warning: OUTPUT_PORT_READ: Reading from output port 's_axis_tready' is not recommended
    at line 409 in C:\Users\mrflu\Desktop\CU-SPUR-Drew\Vivado\z2\z2-accelerator\z2-accelerator.srcs\sources_1\new\axis_async_fifo.v:409 [compile index 7]
*** Warning: OUTPUT_PORT_READ: Reading from output port 's_axis_tready' is not recommended
    at line 416 in C:\Users\mrflu\Desktop\CU-SPUR-Drew\Vivado\z2\z2-accelerator\z2-accelerator.srcs\sources_1\new\axis_async_fifo.v:416 [compile index 7]
*** Warning: OUTPUT_PORT_READ: Reading from output port 's_axis_tready' is not recommended
    at line 486 in C:\Users\mrflu\Desktop\CU-SPUR-Drew\Vivado\z2\z2-accelerator\z2-accelerator.srcs\sources_1\new\axis_async_fifo.v:486 [compile index 7]
*** Warning: INTERNAL_GENERATED_RESET: Reset signal 'm_axis_tready_pipe' is not an input port
    at line 649 in C:\Users\mrflu\Desktop\CU-SPUR-Drew\Vivado\z2\z2-accelerator\z2-accelerator.srcs\sources_1\new\axis_async_fifo.v:649 [compile index 7]
*** Warning: SIGNAL_NOT_RESET: Signal 'm_axis_pipe_reg' is not reset
    at line 659 in C:\Users\mrflu\Desktop\CU-SPUR-Drew\Vivado\z2\z2-accelerator\z2-accelerator.srcs\sources_1\new\axis_async_fifo.v:659 [compile index 7]
*** Warning: SIGNAL_NOT_RESET: Signal 'rd_ptr_temp' is not reset
    at line 671 in C:\Users\mrflu\Desktop\CU-SPUR-Drew\Vivado\z2\z2-accelerator\z2-accelerator.srcs\sources_1\new\axis_async_fifo.v:671 [compile index 7]
*** Warning: SIGNAL_NOT_RESET: Signal 'rd_ptr_reg' is not reset
    at line 672 in C:\Users\mrflu\Desktop\CU-SPUR-Drew\Vivado\z2\z2-accelerator\z2-accelerator.srcs\sources_1\new\axis_async_fifo.v:672 [compile index 7]
*** Warning: SIGNAL_NOT_RESET: Signal 'rd_ptr_gray_reg' is not reset
    at line 673 in C:\Users\mrflu\Desktop\CU-SPUR-Drew\Vivado\z2\z2-accelerator\z2-accelerator.srcs\sources_1\new\axis_async_fifo.v:673 [compile index 7]
*** Warning: SIGNAL_NOT_RESET: Signal 'm_frame_reg' is not reset
    at line 680 in C:\Users\mrflu\Desktop\CU-SPUR-Drew\Vivado\z2\z2-accelerator\z2-accelerator.srcs\sources_1\new\axis_async_fifo.v:680 [compile index 7]
*** Warning: SIGNAL_NOT_RESET: Signal 'm_drop_frame_reg' is not reset
    at line 691 in C:\Users\mrflu\Desktop\CU-SPUR-Drew\Vivado\z2\z2-accelerator\z2-accelerator.srcs\sources_1\new\axis_async_fifo.v:691 [compile index 7]
*** Warning: SIGNAL_NOT_RESET: Signal 'out_fifo_tdata' is not reset
    at line 796 in C:\Users\mrflu\Desktop\CU-SPUR-Drew\Vivado\z2\z2-accelerator\z2-accelerator.srcs\sources_1\new\axis_async_fifo.v:796 [compile index 7]
*** Warning: SIGNAL_NOT_RESET: Signal 'out_fifo_tkeep' is not reset
    at line 797 in C:\Users\mrflu\Desktop\CU-SPUR-Drew\Vivado\z2\z2-accelerator\z2-accelerator.srcs\sources_1\new\axis_async_fifo.v:797 [compile index 7]
*** Warning: SIGNAL_NOT_RESET: Signal 'out_fifo_tlast' is not reset
    at line 798 in C:\Users\mrflu\Desktop\CU-SPUR-Drew\Vivado\z2\z2-accelerator\z2-accelerator.srcs\sources_1\new\axis_async_fifo.v:798 [compile index 7]
*** Warning: SIGNAL_NOT_RESET: Signal 'out_fifo_tid' is not reset
    at line 799 in C:\Users\mrflu\Desktop\CU-SPUR-Drew\Vivado\z2\z2-accelerator\z2-accelerator.srcs\sources_1\new\axis_async_fifo.v:799 [compile index 7]
*** Warning: SIGNAL_NOT_RESET: Signal 'out_fifo_tdest' is not reset
    at line 800 in C:\Users\mrflu\Desktop\CU-SPUR-Drew\Vivado\z2\z2-accelerator\z2-accelerator.srcs\sources_1\new\axis_async_fifo.v:800 [compile index 7]
*** Warning: SIGNAL_NOT_RESET: Signal 'out_fifo_tuser' is not reset
    at line 801 in C:\Users\mrflu\Desktop\CU-SPUR-Drew\Vivado\z2\z2-accelerator\z2-accelerator.srcs\sources_1\new\axis_async_fifo.v:801 [compile index 7]
*** Warning: SIGNAL_NOT_RESET: Signal 'm_axis_tdata_reg' is not reset
    at line 806 in C:\Users\mrflu\Desktop\CU-SPUR-Drew\Vivado\z2\z2-accelerator\z2-accelerator.srcs\sources_1\new\axis_async_fifo.v:806 [compile index 7]
*** Warning: SIGNAL_NOT_RESET: Signal 'm_axis_tkeep_reg' is not reset
    at line 807 in C:\Users\mrflu\Desktop\CU-SPUR-Drew\Vivado\z2\z2-accelerator\z2-accelerator.srcs\sources_1\new\axis_async_fifo.v:807 [compile index 7]
*** Warning: SIGNAL_NOT_RESET: Signal 'm_axis_tlast_reg' is not reset
    at line 809 in C:\Users\mrflu\Desktop\CU-SPUR-Drew\Vivado\z2\z2-accelerator\z2-accelerator.srcs\sources_1\new\axis_async_fifo.v:809 [compile index 7]
*** Warning: SIGNAL_NOT_RESET: Signal 'm_axis_tid_reg' is not reset
    at line 810 in C:\Users\mrflu\Desktop\CU-SPUR-Drew\Vivado\z2\z2-accelerator\z2-accelerator.srcs\sources_1\new\axis_async_fifo.v:810 [compile index 7]
*** Warning: SIGNAL_NOT_RESET: Signal 'm_axis_tdest_reg' is not reset
    at line 811 in C:\Users\mrflu\Desktop\CU-SPUR-Drew\Vivado\z2\z2-accelerator\z2-accelerator.srcs\sources_1\new\axis_async_fifo.v:811 [compile index 7]
*** Warning: SIGNAL_NOT_RESET: Signal 'm_axis_tuser_reg' is not reset
    at line 812 in C:\Users\mrflu\Desktop\CU-SPUR-Drew\Vivado\z2\z2-accelerator\z2-accelerator.srcs\sources_1\new\axis_async_fifo.v:812 [compile index 7]
*** Warning: OUTPUT_PORT_READ: Reading from output port 'm_axis_tlast' is not recommended
    at line 871 in C:\Users\mrflu\Desktop\CU-SPUR-Drew\Vivado\z2\z2-accelerator\z2-accelerator.srcs\sources_1\new\axis_async_fifo.v:871 [compile index 7]
*** Warning: SIGNAL_NEVER_READ: Signal 'mem_read_data_valid_reg' is never read
    at line 193 in C:\Users\mrflu\Desktop\CU-SPUR-Drew\Vivado\z2\z2-accelerator\z2-accelerator.srcs\sources_1\new\axis_fifo.v:193 [compile index 8]
*** Warning: OUTPUT_PORT_READ: Reading from output port 's_axis_tready' is not recommended
    at line 266 in C:\Users\mrflu\Desktop\CU-SPUR-Drew\Vivado\z2\z2-accelerator\z2-accelerator.srcs\sources_1\new\axis_fifo.v:266 [compile index 8]
*** Warning: OUTPUT_PORT_READ: Reading from output port 's_axis_tready' is not recommended
    at line 273 in C:\Users\mrflu\Desktop\CU-SPUR-Drew\Vivado\z2\z2-accelerator\z2-accelerator.srcs\sources_1\new\axis_fifo.v:273 [compile index 8]
*** Warning: OUTPUT_PORT_READ: Reading from output port 's_axis_tready' is not recommended
    at line 311 in C:\Users\mrflu\Desktop\CU-SPUR-Drew\Vivado\z2\z2-accelerator\z2-accelerator.srcs\sources_1\new\axis_fifo.v:311 [compile index 8]
*** Warning: INTERNAL_GENERATED_RESET: Reset signal 'm_axis_tready_pipe' is not an input port
    at line 376 in C:\Users\mrflu\Desktop\CU-SPUR-Drew\Vivado\z2\z2-accelerator\z2-accelerator.srcs\sources_1\new\axis_fifo.v:376 [compile index 8]
*** Warning: SIGNAL_NOT_RESET: Signal 'm_axis_pipe_reg' is not reset
    at line 385 in C:\Users\mrflu\Desktop\CU-SPUR-Drew\Vivado\z2\z2-accelerator\z2-accelerator.srcs\sources_1\new\axis_fifo.v:385 [compile index 8]
*** Warning: SIGNAL_NOT_RESET: Signal 'rd_ptr_reg' is not reset
    at line 397 in C:\Users\mrflu\Desktop\CU-SPUR-Drew\Vivado\z2\z2-accelerator\z2-accelerator.srcs\sources_1\new\axis_fifo.v:397 [compile index 8]
*** Warning: SIGNAL_NOT_RESET: Signal 'out_fifo_tdata' is not reset
    at line 472 in C:\Users\mrflu\Desktop\CU-SPUR-Drew\Vivado\z2\z2-accelerator\z2-accelerator.srcs\sources_1\new\axis_fifo.v:472 [compile index 8]
*** Warning: SIGNAL_NOT_RESET: Signal 'out_fifo_tkeep' is not reset
    at line 473 in C:\Users\mrflu\Desktop\CU-SPUR-Drew\Vivado\z2\z2-accelerator\z2-accelerator.srcs\sources_1\new\axis_fifo.v:473 [compile index 8]
*** Warning: SIGNAL_NOT_RESET: Signal 'out_fifo_tlast' is not reset
    at line 474 in C:\Users\mrflu\Desktop\CU-SPUR-Drew\Vivado\z2\z2-accelerator\z2-accelerator.srcs\sources_1\new\axis_fifo.v:474 [compile index 8]
*** Warning: SIGNAL_NOT_RESET: Signal 'out_fifo_tid' is not reset
    at line 475 in C:\Users\mrflu\Desktop\CU-SPUR-Drew\Vivado\z2\z2-accelerator\z2-accelerator.srcs\sources_1\new\axis_fifo.v:475 [compile index 8]
*** Warning: SIGNAL_NOT_RESET: Signal 'out_fifo_tdest' is not reset
    at line 476 in C:\Users\mrflu\Desktop\CU-SPUR-Drew\Vivado\z2\z2-accelerator\z2-accelerator.srcs\sources_1\new\axis_fifo.v:476 [compile index 8]
*** Warning: SIGNAL_NOT_RESET: Signal 'out_fifo_tuser' is not reset
    at line 477 in C:\Users\mrflu\Desktop\CU-SPUR-Drew\Vivado\z2\z2-accelerator\z2-accelerator.srcs\sources_1\new\axis_fifo.v:477 [compile index 8]
*** Warning: SIGNAL_NOT_RESET: Signal 'm_axis_tdata_reg' is not reset
    at line 482 in C:\Users\mrflu\Desktop\CU-SPUR-Drew\Vivado\z2\z2-accelerator\z2-accelerator.srcs\sources_1\new\axis_fifo.v:482 [compile index 8]
*** Warning: SIGNAL_NOT_RESET: Signal 'm_axis_tkeep_reg' is not reset
    at line 483 in C:\Users\mrflu\Desktop\CU-SPUR-Drew\Vivado\z2\z2-accelerator\z2-accelerator.srcs\sources_1\new\axis_fifo.v:483 [compile index 8]
*** Warning: SIGNAL_NOT_RESET: Signal 'm_axis_tlast_reg' is not reset
    at line 485 in C:\Users\mrflu\Desktop\CU-SPUR-Drew\Vivado\z2\z2-accelerator\z2-accelerator.srcs\sources_1\new\axis_fifo.v:485 [compile index 8]
*** Warning: SIGNAL_NOT_RESET: Signal 'm_axis_tid_reg' is not reset
    at line 486 in C:\Users\mrflu\Desktop\CU-SPUR-Drew\Vivado\z2\z2-accelerator\z2-accelerator.srcs\sources_1\new\axis_fifo.v:486 [compile index 8]
*** Warning: SIGNAL_NOT_RESET: Signal 'm_axis_tdest_reg' is not reset
    at line 487 in C:\Users\mrflu\Desktop\CU-SPUR-Drew\Vivado\z2\z2-accelerator\z2-accelerator.srcs\sources_1\new\axis_fifo.v:487 [compile index 8]
*** Warning: SIGNAL_NOT_RESET: Signal 'm_axis_tuser_reg' is not reset
    at line 488 in C:\Users\mrflu\Desktop\CU-SPUR-Drew\Vivado\z2\z2-accelerator\z2-accelerator.srcs\sources_1\new\axis_fifo.v:488 [compile index 8]
*** Warning: OUTPUT_PORT_READ: Reading from output port 'm_axis_tlast' is not recommended
    at line 527 in C:\Users\mrflu\Desktop\CU-SPUR-Drew\Vivado\z2\z2-accelerator\z2-accelerator.srcs\sources_1\new\axis_fifo.v:527 [compile index 8]
*** Warning: FEEDTHROUGH_DETECTED: Feedthrough from 's_axis_tdata' to 'm_axis_tdata'
    at line 264 in C:\Users\mrflu\Desktop\CU-SPUR-Drew\Vivado\z2\z2-accelerator\z2-accelerator.srcs\sources_1\new\axis_register.v:264 [compile index 9]
*** Warning: FEEDTHROUGH_DETECTED: Feedthrough from 's_axis_tvalid' to 'm_axis_tvalid'
    at line 266 in C:\Users\mrflu\Desktop\CU-SPUR-Drew\Vivado\z2\z2-accelerator\z2-accelerator.srcs\sources_1\new\axis_register.v:266 [compile index 9]
*** Warning: FEEDTHROUGH_DETECTED: Feedthrough from 'm_axis_tready' to 's_axis_tready'
    at line 272 in C:\Users\mrflu\Desktop\CU-SPUR-Drew\Vivado\z2\z2-accelerator\z2-accelerator.srcs\sources_1\new\axis_register.v:272 [compile index 9]
*** Warning: SIGNAL_NEVER_USED: Signal 's_axis_a_1_clk' is never used
    at line 41 in C:\Users\mrflu\Desktop\CU-SPUR-Drew\Vivado\z2\z2-accelerator\z2-accelerator.srcs\sources_1\new\mvm_accelerator.v:41 [compile index 11]
*** Warning: SIGNAL_NEVER_USED: Signal 's_axis_a_1_rstn' is never used
    at line 42 in C:\Users\mrflu\Desktop\CU-SPUR-Drew\Vivado\z2\z2-accelerator\z2-accelerator.srcs\sources_1\new\mvm_accelerator.v:42 [compile index 11]
*** Warning: SIGNAL_NEVER_USED: Signal 's_axis_a_2_clk' is never used
    at line 48 in C:\Users\mrflu\Desktop\CU-SPUR-Drew\Vivado\z2\z2-accelerator\z2-accelerator.srcs\sources_1\new\mvm_accelerator.v:48 [compile index 11]
*** Warning: SIGNAL_NEVER_USED: Signal 's_axis_a_2_rstn' is never used
    at line 49 in C:\Users\mrflu\Desktop\CU-SPUR-Drew\Vivado\z2\z2-accelerator\z2-accelerator.srcs\sources_1\new\mvm_accelerator.v:49 [compile index 11]
*** Warning: SIGNAL_NEVER_USED: Signal 's_axis_a_3_clk' is never used
    at line 55 in C:\Users\mrflu\Desktop\CU-SPUR-Drew\Vivado\z2\z2-accelerator\z2-accelerator.srcs\sources_1\new\mvm_accelerator.v:55 [compile index 11]
*** Warning: SIGNAL_NEVER_USED: Signal 's_axis_a_3_rstn' is never used
    at line 56 in C:\Users\mrflu\Desktop\CU-SPUR-Drew\Vivado\z2\z2-accelerator\z2-accelerator.srcs\sources_1\new\mvm_accelerator.v:56 [compile index 11]
*** Warning: SIGNAL_NEVER_USED: Signal 'm_axis_1_clk' is never used
    at line 70 in C:\Users\mrflu\Desktop\CU-SPUR-Drew\Vivado\z2\z2-accelerator\z2-accelerator.srcs\sources_1\new\mvm_accelerator.v:70 [compile index 11]
*** Warning: SIGNAL_NEVER_USED: Signal 'm_axis_1_rstn' is never used
    at line 71 in C:\Users\mrflu\Desktop\CU-SPUR-Drew\Vivado\z2\z2-accelerator\z2-accelerator.srcs\sources_1\new\mvm_accelerator.v:71 [compile index 11]
*** Warning: SIGNAL_NEVER_USED: Signal 'm_axis_2_clk' is never used
    at line 77 in C:\Users\mrflu\Desktop\CU-SPUR-Drew\Vivado\z2\z2-accelerator\z2-accelerator.srcs\sources_1\new\mvm_accelerator.v:77 [compile index 11]
*** Warning: SIGNAL_NEVER_USED: Signal 'm_axis_2_rstn' is never used
    at line 78 in C:\Users\mrflu\Desktop\CU-SPUR-Drew\Vivado\z2\z2-accelerator\z2-accelerator.srcs\sources_1\new\mvm_accelerator.v:78 [compile index 11]
*** Warning: SIGNAL_NEVER_USED: Signal 'm_axis_3_clk' is never used
    at line 84 in C:\Users\mrflu\Desktop\CU-SPUR-Drew\Vivado\z2\z2-accelerator\z2-accelerator.srcs\sources_1\new\mvm_accelerator.v:84 [compile index 11]
*** Warning: SIGNAL_NEVER_USED: Signal 'm_axis_3_rstn' is never used
    at line 85 in C:\Users\mrflu\Desktop\CU-SPUR-Drew\Vivado\z2\z2-accelerator\z2-accelerator.srcs\sources_1\new\mvm_accelerator.v:85 [compile index 11]
*** Warning: SIGNAL_NEVER_USED: Signal 's_axi_b_clk' is never used
    at line 92 in C:\Users\mrflu\Desktop\CU-SPUR-Drew\Vivado\z2\z2-accelerator\z2-accelerator.srcs\sources_1\new\mvm_accelerator.v:92 [compile index 11]
*** Warning: SIGNAL_NEVER_USED: Signal 's_axi_b_rstn' is never used
    at line 93 in C:\Users\mrflu\Desktop\CU-SPUR-Drew\Vivado\z2\z2-accelerator\z2-accelerator.srcs\sources_1\new\mvm_accelerator.v:93 [compile index 11]
*** Warning: SIGNAL_NEVER_USED: Signal 's_axis_a_1_tdata' is never used
    at line 38 in C:\Users\mrflu\Desktop\CU-SPUR-Drew\Vivado\z2\z2-accelerator\z2-accelerator.srcs\sources_1\new\mvm_accelerator_split.v:38 [compile index 12]
*** Warning: SIGNAL_NEVER_USED: Signal 's_axis_a_1_tvalid' is never used
    at line 39 in C:\Users\mrflu\Desktop\CU-SPUR-Drew\Vivado\z2\z2-accelerator\z2-accelerator.srcs\sources_1\new\mvm_accelerator_split.v:39 [compile index 12]
*** Warning: SIGNAL_NEVER_USED: Signal 's_axis_a_1_tready' is never used
    at line 40 in C:\Users\mrflu\Desktop\CU-SPUR-Drew\Vivado\z2\z2-accelerator\z2-accelerator.srcs\sources_1\new\mvm_accelerator_split.v:40 [compile index 12]
*** Warning: SIGNAL_NEVER_USED: Signal 's_axis_a_1_tlast' is never used
    at line 41 in C:\Users\mrflu\Desktop\CU-SPUR-Drew\Vivado\z2\z2-accelerator\z2-accelerator.srcs\sources_1\new\mvm_accelerator_split.v:41 [compile index 12]
*** Warning: SIGNAL_NEVER_USED: Signal 's_axis_a_2_tdata' is never used
    at line 43 in C:\Users\mrflu\Desktop\CU-SPUR-Drew\Vivado\z2\z2-accelerator\z2-accelerator.srcs\sources_1\new\mvm_accelerator_split.v:43 [compile index 12]
*** Warning: SIGNAL_NEVER_USED: Signal 's_axis_a_2_tvalid' is never used
    at line 44 in C:\Users\mrflu\Desktop\CU-SPUR-Drew\Vivado\z2\z2-accelerator\z2-accelerator.srcs\sources_1\new\mvm_accelerator_split.v:44 [compile index 12]
*** Warning: SIGNAL_NEVER_USED: Signal 's_axis_a_2_tready' is never used
    at line 45 in C:\Users\mrflu\Desktop\CU-SPUR-Drew\Vivado\z2\z2-accelerator\z2-accelerator.srcs\sources_1\new\mvm_accelerator_split.v:45 [compile index 12]
*** Warning: SIGNAL_NEVER_USED: Signal 's_axis_a_2_tlast' is never used
    at line 46 in C:\Users\mrflu\Desktop\CU-SPUR-Drew\Vivado\z2\z2-accelerator\z2-accelerator.srcs\sources_1\new\mvm_accelerator_split.v:46 [compile index 12]
*** Warning: SIGNAL_NEVER_USED: Signal 's_axis_a_3_tdata' is never used
    at line 48 in C:\Users\mrflu\Desktop\CU-SPUR-Drew\Vivado\z2\z2-accelerator\z2-accelerator.srcs\sources_1\new\mvm_accelerator_split.v:48 [compile index 12]
*** Warning: SIGNAL_NEVER_USED: Signal 's_axis_a_3_tvalid' is never used
    at line 49 in C:\Users\mrflu\Desktop\CU-SPUR-Drew\Vivado\z2\z2-accelerator\z2-accelerator.srcs\sources_1\new\mvm_accelerator_split.v:49 [compile index 12]
*** Warning: SIGNAL_NEVER_USED: Signal 's_axis_a_3_tready' is never used
    at line 50 in C:\Users\mrflu\Desktop\CU-SPUR-Drew\Vivado\z2\z2-accelerator\z2-accelerator.srcs\sources_1\new\mvm_accelerator_split.v:50 [compile index 12]
*** Warning: SIGNAL_NEVER_USED: Signal 's_axis_a_3_tlast' is never used
    at line 51 in C:\Users\mrflu\Desktop\CU-SPUR-Drew\Vivado\z2\z2-accelerator\z2-accelerator.srcs\sources_1\new\mvm_accelerator_split.v:51 [compile index 12]
*** Warning: SIGNAL_NEVER_USED: Signal 'm_axis_1_tdata' is never used
    at line 59 in C:\Users\mrflu\Desktop\CU-SPUR-Drew\Vivado\z2\z2-accelerator\z2-accelerator.srcs\sources_1\new\mvm_accelerator_split.v:59 [compile index 12]
*** Warning: SIGNAL_NEVER_USED: Signal 'm_axis_1_tvalid' is never used
    at line 60 in C:\Users\mrflu\Desktop\CU-SPUR-Drew\Vivado\z2\z2-accelerator\z2-accelerator.srcs\sources_1\new\mvm_accelerator_split.v:60 [compile index 12]
*** Warning: SIGNAL_NEVER_USED: Signal 'm_axis_1_tready' is never used
    at line 61 in C:\Users\mrflu\Desktop\CU-SPUR-Drew\Vivado\z2\z2-accelerator\z2-accelerator.srcs\sources_1\new\mvm_accelerator_split.v:61 [compile index 12]
*** Warning: SIGNAL_NEVER_USED: Signal 'm_axis_1_tlast' is never used
    at line 62 in C:\Users\mrflu\Desktop\CU-SPUR-Drew\Vivado\z2\z2-accelerator\z2-accelerator.srcs\sources_1\new\mvm_accelerator_split.v:62 [compile index 12]
*** Warning: SIGNAL_NEVER_USED: Signal 'm_axis_2_tdata' is never used
    at line 64 in C:\Users\mrflu\Desktop\CU-SPUR-Drew\Vivado\z2\z2-accelerator\z2-accelerator.srcs\sources_1\new\mvm_accelerator_split.v:64 [compile index 12]
*** Warning: SIGNAL_NEVER_USED: Signal 'm_axis_2_tvalid' is never used
    at line 65 in C:\Users\mrflu\Desktop\CU-SPUR-Drew\Vivado\z2\z2-accelerator\z2-accelerator.srcs\sources_1\new\mvm_accelerator_split.v:65 [compile index 12]
*** Warning: SIGNAL_NEVER_USED: Signal 'm_axis_2_tready' is never used
    at line 66 in C:\Users\mrflu\Desktop\CU-SPUR-Drew\Vivado\z2\z2-accelerator\z2-accelerator.srcs\sources_1\new\mvm_accelerator_split.v:66 [compile index 12]
*** Warning: SIGNAL_NEVER_USED: Signal 'm_axis_2_tlast' is never used
    at line 67 in C:\Users\mrflu\Desktop\CU-SPUR-Drew\Vivado\z2\z2-accelerator\z2-accelerator.srcs\sources_1\new\mvm_accelerator_split.v:67 [compile index 12]
*** Warning: SIGNAL_NEVER_USED: Signal 'm_axis_3_tdata' is never used
    at line 69 in C:\Users\mrflu\Desktop\CU-SPUR-Drew\Vivado\z2\z2-accelerator\z2-accelerator.srcs\sources_1\new\mvm_accelerator_split.v:69 [compile index 12]
*** Warning: SIGNAL_NEVER_USED: Signal 'm_axis_3_tvalid' is never used
    at line 70 in C:\Users\mrflu\Desktop\CU-SPUR-Drew\Vivado\z2\z2-accelerator\z2-accelerator.srcs\sources_1\new\mvm_accelerator_split.v:70 [compile index 12]
*** Warning: SIGNAL_NEVER_USED: Signal 'm_axis_3_tready' is never used
    at line 71 in C:\Users\mrflu\Desktop\CU-SPUR-Drew\Vivado\z2\z2-accelerator\z2-accelerator.srcs\sources_1\new\mvm_accelerator_split.v:71 [compile index 12]
*** Warning: SIGNAL_NEVER_USED: Signal 'm_axis_3_tlast' is never used
    at line 72 in C:\Users\mrflu\Desktop\CU-SPUR-Drew\Vivado\z2\z2-accelerator\z2-accelerator.srcs\sources_1\new\mvm_accelerator_split.v:72 [compile index 12]
*** Warning: SIGNAL_NEVER_USED: Signal 's_axis_b_tdata' is never used
    at line 108 in C:\Users\mrflu\Desktop\CU-SPUR-Drew\Vivado\z2\z2-accelerator\z2-accelerator.srcs\sources_1\new\mvm_accelerator_split.v:108 [compile index 12]
*** Warning: SIGNAL_NEVER_USED: Signal 's_axis_b_tvalid' is never used
    at line 109 in C:\Users\mrflu\Desktop\CU-SPUR-Drew\Vivado\z2\z2-accelerator\z2-accelerator.srcs\sources_1\new\mvm_accelerator_split.v:109 [compile index 12]
*** Warning: SIGNAL_NEVER_USED: Signal 's_axis_b_tready' is never used
    at line 110 in C:\Users\mrflu\Desktop\CU-SPUR-Drew\Vivado\z2\z2-accelerator\z2-accelerator.srcs\sources_1\new\mvm_accelerator_split.v:110 [compile index 12]
*** Warning: OUTPUT_PORT_READ: Reading from output port 's_axi_b_bvalid' is not recommended
    at line 255 in C:\Users\mrflu\Desktop\CU-SPUR-Drew\Vivado\z2\z2-accelerator\z2-accelerator.srcs\sources_1\new\mvm_accelerator_split.v:255 [compile index 12]
*** Warning: PARAMETER_NEVER_USED: Parameter 'ELEMENTS_PER_PARTITION' is never used
    at line 354 in C:\Users\mrflu\Desktop\CU-SPUR-Drew\Vivado\z2\z2-accelerator\z2-accelerator.srcs\sources_1\new\mvm_accelerator_split.v:354 [compile index 12]
*** Warning: PARAMETER_NEVER_USED: Parameter 'ARQOS' is never used
    at line 359 in C:\Users\mrflu\Desktop\CU-SPUR-Drew\Vivado\z2\z2-accelerator\z2-accelerator.srcs\sources_1\new\mvm_accelerator_split.v:359 [compile index 12]
*** Warning: SIGNAL_NEVER_READ: Signal 'pipe_a_tlast' is never read (connected to sub-instance output port)
    at line 107 in C:\Users\mrflu\Desktop\CU-SPUR-Drew\Vivado\z2\z2-accelerator\z2-accelerator.srcs\sources_1\new\mvm_channel_split.v:107 [compile index 15]
*** Warning: SIGNAL_NEVER_READ: Signal 'pipe_b_tlast' is never read (connected to sub-instance output port)
    at line 218 in C:\Users\mrflu\Desktop\CU-SPUR-Drew\Vivado\z2\z2-accelerator\z2-accelerator.srcs\sources_1\new\mvm_channel_split.v:218 [compile index 15]
*** Warning: SIGNAL_NEVER_READ: Signal 'dma_status_tag' is never read (connected to sub-instance output port)
    at line 439 in C:\Users\mrflu\Desktop\CU-SPUR-Drew\Vivado\z2\z2-accelerator\z2-accelerator.srcs\sources_1\new\mvm_channel_split.v:439 [compile index 15]
*** Warning: SIGNAL_NEVER_READ: Signal 'dma_status_error' is never read (connected to sub-instance output port)
    at line 440 in C:\Users\mrflu\Desktop\CU-SPUR-Drew\Vivado\z2\z2-accelerator\z2-accelerator.srcs\sources_1\new\mvm_channel_split.v:440 [compile index 15]
*** Warning: SIGNAL_NEVER_READ: Signal 'dma_status_valid' is never read (connected to sub-instance output port)
    at line 441 in C:\Users\mrflu\Desktop\CU-SPUR-Drew\Vivado\z2\z2-accelerator\z2-accelerator.srcs\sources_1\new\mvm_channel_split.v:441 [compile index 15]
*** Warning: OUTPUT_PORT_READ: Reading from output port 'output_encoded' is not recommended
    at line 88 in C:\Users\mrflu\Desktop\CU-SPUR-Drew\Vivado\z2\z2-accelerator\z2-accelerator.srcs\sources_1\new\priority_encoder.v:88 [compile index 17]
*** Warning: PARAMETER_NEVER_USED: Parameter 'ELEMENTS_PER_PARTITION' is never used
    at line 31 in C:\Users\mrflu\Desktop\CU-SPUR-Drew\Vivado\z2\z2-accelerator\z2-accelerator.srcs\sim_1\new\tb_mvm_accelerator.sv:31 [compile index 18]
*** Warning: SIGNAL_NEVER_READ: Signal 'm_axis_tlast' is never read
    at line 51 in C:\Users\mrflu\Desktop\CU-SPUR-Drew\Vivado\z2\z2-accelerator\z2-accelerator.srcs\sim_1\new\tb_mvm_accelerator.sv:51 [compile index 18]
*** Warning: SIGNAL_NEVER_READ: Signal 's_axi_b_bid' is never read (connected to sub-instance output port)
    at line 69 in C:\Users\mrflu\Desktop\CU-SPUR-Drew\Vivado\z2\z2-accelerator\z2-accelerator.srcs\sim_1\new\tb_mvm_accelerator.sv:69 [compile index 18]
*** Warning: SIGNAL_NEVER_READ: Signal 's_axi_b_bresp' is never read (connected to sub-instance output port)
    at line 70 in C:\Users\mrflu\Desktop\CU-SPUR-Drew\Vivado\z2\z2-accelerator\z2-accelerator.srcs\sim_1\new\tb_mvm_accelerator.sv:70 [compile index 18]
*** Done mixed mode extension build [832 ms] ***
*** Total build time [2s.510ms] ***
